\BOOKMARK [1][-]{section.1}{\376\377\000G\000i\036\333\000i\000\040\000t\000h\000i\036\307\000u}{}% 1
\BOOKMARK [2][-]{subsection.1.1}{\376\377\000B\036\321\000i\000\040\000c\036\243\000n\000h\000\040\000v\000\340\000\040\001\021\036\331\000n\000g\000\040\000l\036\361\000c\000\040\000n\000g\000h\000i\000\352\000n\000\040\000c\036\351\000u}{section.1}% 2
\BOOKMARK [2][-]{subsection.1.2}{\376\377\000V\036\245\000n\000\040\001\021\036\301\000\040\001\021\036\267\000t\000\040\000r\000a}{section.1}% 3
\BOOKMARK [2][-]{subsection.1.3}{\376\377\000M\036\345\000c\000\040\000t\000i\000\352\000u\000\040\001\021\036\301\000\040\000t\000\340\000i}{section.1}% 4
\BOOKMARK [3][-]{subsubsection.1.3.1}{\376\377\000M\036\345\000c\000\040\000t\000i\000\352\000u\000\040\000t\036\325\000n\000g\000\040\000q\000u\000\341\000t}{subsection.1.3}% 5
\BOOKMARK [3][-]{subsubsection.1.3.2}{\376\377\000M\036\345\000c\000\040\000t\000i\000\352\000u\000\040\000c\036\345\000\040\000t\000h\036\303}{subsection.1.3}% 6
\BOOKMARK [2][-]{subsection.1.4}{\376\377\000P\000h\036\241\000m\000\040\000v\000i\000\040\000n\000g\000h\000i\000\352\000n\000\040\000c\036\351\000u}{section.1}% 7
\BOOKMARK [2][-]{subsection.1.5}{\376\377\000P\000h\001\260\001\241\000n\000g\000\040\000p\000h\000\341\000p\000\040\000n\000g\000h\000i\000\352\000n\000\040\000c\036\351\000u}{section.1}% 8
\BOOKMARK [3][-]{subsubsection.1.5.1}{\376\377\000P\000h\000\342\000n\000\040\000c\000\364\000n\000g\000\040\000n\000h\000i\036\307\000m\000\040\000v\036\345\000\040\000n\000h\000\363\000m}{subsection.1.5}% 9
\BOOKMARK [2][-]{subsection.1.6}{\376\377\000B\036\321\000\040\000c\036\345\000c\000\040\000b\000\341\000o\000\040\000c\000\341\000o}{section.1}% 10
\BOOKMARK [1][-]{section.2}{\376\377\000C\001\241\000\040\000s\036\337\000\040\000l\000\375\000\040\000t\000h\000u\000y\036\277\000t}{}% 11
\BOOKMARK [2][-]{subsection.2.1}{\376\377\000P\000h\000\341\000t\000\040\000h\000i\036\307\000n\000\040\000k\000h\000u\000\364\000n\000\040\000m\036\267\000t}{section.2}% 12
\BOOKMARK [3][-]{subsubsection.2.1.1}{\376\377\000T\036\325\000n\000g\000\040\000q\000u\000a\000n\000\040\000b\000\340\000i\000\040\000t\000o\000\341\000n\000\040\000p\000h\000\341\000t\000\040\000h\000i\036\307\000n\000\040\001\021\036\321\000i\000\040\000t\001\260\036\343\000n\000g}{subsection.2.1}% 13
\BOOKMARK [3][-]{subsubsection.2.1.2}{\376\377\000K\000i\036\277\000n\000\040\000t\000r\000\372\000c\000\040\000Y\000O\000L\000O\000\040\000v\000\340\000\040\000l\036\313\000c\000h\000\040\000s\036\355\000\040\000p\000h\000\341\000t\000\040\000t\000r\000i\036\303\000n}{subsection.2.1}% 14
\BOOKMARK [3][-]{subsubsection.2.1.3}{\376\377\000T\036\241\000i\000\040\000s\000a\000o\000\040\000c\000h\036\315\000n\000\040\000Y\000O\000L\000O\000\040\000t\000h\000a\000y\000\040\000v\000\354\000\040\000c\000\341\000c\000\040\000p\000h\001\260\001\241\000n\000g\000\040\000p\000h\000\341\000p\000\040\000k\000h\000\341\000c\000?}{subsection.2.1}% 15
\BOOKMARK [3][-]{subsubsection.2.1.4}{\376\377\000Y\000O\000L\000O\000v\0001\0001\000n\000-\000f\000a\000c\000e\000:\000\040\000C\036\245\000u\000\040\000h\000\354\000n\000h\000\040\000v\000\340\000\040\000l\000\375\000\040\000g\000i\036\243\000i\000\040\000t\000h\000a\000m\000\040\000s\036\321}{subsection.2.1}% 16
\BOOKMARK [2][-]{subsection.2.2}{\376\377\000N\000h\036\255\000n\000\040\000d\000i\036\307\000n\000\040\000k\000h\000u\000\364\000n\000\040\000m\036\267\000t}{section.2}% 17
\BOOKMARK [3][-]{subsubsection.2.2.1}{\376\377\000P\000i\000p\000e\000l\000i\000n\000e\000\040\000n\000h\036\255\000n\000\040\000d\000i\036\307\000n\000\040\000k\000h\000u\000\364\000n\000\040\000m\036\267\000t}{subsection.2.2}% 18
\BOOKMARK [3][-]{subsubsection.2.2.2}{\376\377\000F\000a\000c\000e\000\040\000E\000m\000b\000e\000d\000d\000i\000n\000g\000\040\000v\000\340\000\040\000k\000h\000\364\000n\000g\000\040\000g\000i\000a\000n\000\040\001\021\036\267\000c\000\040\000t\000r\001\260\000n\000g}{subsection.2.2}% 19
\BOOKMARK [3][-]{subsubsection.2.2.3}{\376\377\000C\000o\000s\000i\000n\000e\000\040\000S\000i\000m\000i\000l\000a\000r\000i\000t\000y\000\040\000v\000\340\000\040\000n\000g\001\260\036\341\000n\000g\000\040\000n\000h\036\255\000n\000\040\000d\000i\036\307\000n}{subsection.2.2}% 20
\BOOKMARK [3][-]{subsubsection.2.2.4}{\376\377\000T\036\241\000i\000\040\000s\000a\000o\000\040\000c\000h\036\315\000n\000\040\000I\000n\000s\000i\000g\000h\000t\000F\000a\000c\000e\000\040\000b\000u\000f\000f\000a\000l\000o\000\137\000l\000\040\000t\000h\000a\000y\000\040\000v\000\354\000\040\000c\000\341\000c\000\040\000p\000h\001\260\001\241\000n\000g\000\040\000\341\000n\000\040\000k\000h\000\341\000c\000?}{subsection.2.2}% 21
\BOOKMARK [3][-]{subsubsection.2.2.5}{\376\377\000I\000n\000s\000i\000g\000h\000t\000F\000a\000c\000e\000\040\000b\000u\000f\000f\000a\000l\000o\000\137\000l\000\040\040\024\000\040\000K\000i\036\277\000n\000\040\000t\000r\000\372\000c\000\040\000k\036\371\000\040\000t\000h\000u\036\255\000t}{subsection.2.2}% 22
\BOOKMARK [2][-]{subsection.2.3}{\376\377\000K\036\371\000\040\000t\000h\000u\036\255\000t\000\040\036\251\000n\000\040\000d\000a\000n\000h\000\040\000h\000o\000\341\000\040\000k\000h\000u\000\364\000n\000\040\000m\036\267\000t}{section.2}% 23
\BOOKMARK [3][-]{subsubsection.2.3.1}{\376\377\000T\036\325\000n\000g\000\040\000q\000u\000a\000n\000\040\000c\000\341\000c\000\040\000k\036\371\000\040\000t\000h\000u\036\255\000t\000\040\036\251\000n\000\040\000d\000a\000n\000h\000\040\000h\000o\000\341}{subsection.2.3}% 24
\BOOKMARK [3][-]{subsubsection.2.3.2}{\376\377\000T\036\241\000i\000\040\000s\000a\000o\000\040\000G\000a\000u\000s\000s\000i\000a\000n\000\040\000B\000l\000u\000r\000\040\000v\000\340\000\040\000k\000h\000\364\000n\000g\000\040\000p\000h\036\243\000i\000\040\000B\000o\000x\000\040\000B\000l\000u\000r\000\040\000h\000a\000y\000\040\000M\000e\000d\000i\000a\000n\000\040\000B\000l\000u\000r\000?}{subsection.2.3}% 25
\BOOKMARK [3][-]{subsubsection.2.3.3}{\376\377\000G\000a\000u\000s\000s\000i\000a\000n\000\040\000B\000l\000u\000r\000\040\040\024\000\040\000P\000h\000\342\000n\000\040\000t\000\355\000c\000h\000\040\000t\000o\000\341\000n\000\040\000h\036\315\000c\000\040\001\021\036\247\000y\000\040\001\021\036\347}{subsection.2.3}% 26
\BOOKMARK [3][-]{subsubsection.2.3.4}{\376\377\001\020\000i\036\303\000m\000\040\000y\036\277\000u\000\040\000b\036\243\000o\000\040\000m\036\255\000t\000\040\000c\036\347\000a\000\040\000P\000i\000x\000e\000l\000a\000t\000e\000\040\040\024\000\040\000P\000h\000\342\000n\000\040\000t\000\355\000c\000h\000\040\000s\000\342\000u}{subsection.2.3}% 27
\BOOKMARK [3][-]{subsubsection.2.3.5}{\376\377\000H\000e\000a\000d\000c\000l\000o\000a\000k\000\040\000v\000\340\000\040\000N\000e\000c\000k\000u\000p}{subsection.2.3}% 28
\BOOKMARK [3][-]{subsubsection.2.3.6}{\376\377\000S\000i\000l\000h\000o\000u\000e\000t\000t\000e}{subsection.2.3}% 29
\BOOKMARK [3][-]{subsubsection.2.3.7}{\376\377\000O\000b\000l\000i\000t\000e\000r\000a\000t\000e}{subsection.2.3}% 30
\BOOKMARK [2][-]{subsection.2.4}{\376\377\000M\036\255\000t\000\040\000m\000\343\000\040\000h\036\315\000c\000\040\036\351\000n\000g\000\040\000d\036\345\000n\000g}{section.2}% 31
\BOOKMARK [3][-]{subsubsection.2.4.1}{\376\377\000T\036\241\000i\000\040\000s\000a\000o\000\040\000A\000E\000S\000-\0002\0005\0006\000-\000G\000C\000M\000\040\000t\000h\000a\000y\000\040\000v\000\354\000\040\000A\000E\000S\000-\000C\000B\000C\000\040\000h\000a\000y\000\040\000C\000h\000a\000C\000h\000a\0002\0000\000?}{subsection.2.4}% 32
\BOOKMARK [3][-]{subsubsection.2.4.2}{\376\377\000A\000E\000S\000-\0002\0005\0006\000-\000G\000C\000M\000\040\040\024\000\040\000P\000h\000\342\000n\000\040\000t\000\355\000c\000h\000\040\000t\000o\000\341\000n\000\040\000h\036\315\000c}{subsection.2.4}% 33
\BOOKMARK [3][-]{subsubsection.2.4.3}{\376\377\000T\036\241\000i\000\040\000s\000a\000o\000\040\000c\036\247\000n\000\040\000P\000B\000K\000D\000F\0002\000\040\000v\000\340\000\040\000t\036\241\000i\000\040\000s\000a\000o\000\040\0003\0009\0000\000.\0000\0000\0000\000\040\000v\000\362\000n\000g\000\040\000l\036\267\000p\000?}{subsection.2.4}% 34
\BOOKMARK [3][-]{subsubsection.2.4.4}{\376\377\000P\000B\000K\000D\000F\0002\000-\000S\000H\000A\0002\0005\0006\000\040\040\024\000\040\000B\036\243\000o\000\040\000v\036\307\000\040\000m\036\255\000t\000\040\000k\000h\036\251\000u\000\040\000a\000d\000m\000i\000n}{subsection.2.4}% 35
\BOOKMARK [3][-]{subsubsection.2.4.5}{\376\377\000S\000c\000r\000y\000p\000t\000\040\000\050\000C\000h\000o\000\040\000F\000a\000c\000e\000\040\000L\000o\000c\000k\000\051}{subsection.2.4}% 36
\BOOKMARK [2][-]{subsection.2.5}{\376\377\000C\000\364\000n\000g\000\040\000n\000g\000h\036\307\000\040\000x\000\342\000y\000\040\000d\036\361\000n\000g\000\040\000h\036\307\000\040\000t\000h\036\321\000n\000g}{section.2}% 37
\BOOKMARK [3][-]{subsubsection.2.5.1}{\376\377\000F\000a\000s\000t\000A\000P\000I\000\040\000v\000\340\000\040\000m\000\364\000\040\000h\000\354\000n\000h\000\040\000b\036\245\000t\000\040\001\021\036\323\000n\000g\000\040\000b\036\331}{subsection.2.5}% 38
\BOOKMARK [3][-]{subsubsection.2.5.2}{\376\377\000C\000\341\000c\000\040\000g\000i\000a\000o\000\040\000t\000h\036\351\000c\000\040\000s\000t\000r\000e\000a\000m\000i\000n\000g\000\040\000v\000i\000d\000e\000o}{subsection.2.5}% 39
\BOOKMARK [3][-]{subsubsection.2.5.3}{\376\377\000O\000p\000e\000n\000C\000V\000\040\000v\000\340\000\040\000x\036\355\000\040\000l\000\375\000\040\036\243\000n\000h}{subsection.2.5}% 40
\BOOKMARK [3][-]{subsubsection.2.5.4}{\376\377\000L\000\340\000m\000\040\000m\036\313\000n\000\040\000b\000o\000u\000n\000d\000i\000n\000g\000\040\000b\000o\000x\000\040\000t\000h\000e\000o\000\040\000t\000h\036\335\000i\000\040\000g\000i\000a\000n\000\040\040\024\000\040\000T\036\241\000i\000\040\000s\000a\000o\000\040\000c\036\247\000n\000\040\000t\000h\000i\036\277\000t\000?}{subsection.2.5}% 41
\BOOKMARK [2][-]{subsection.2.6}{\376\377\000T\001\260\000\040\000d\000u\000y\000\040\000h\036\307\000\040\000t\000h\036\321\000n\000g\000:\000\040\000S\036\361\000\040\000k\036\277\000t\000\040\000n\036\321\000i\000\040\000g\000i\036\357\000a\000\040\000c\000\341\000c\000\040\000b\001\260\036\333\000c\000\040\000x\036\355\000\040\000l\000\375}{section.2}% 42
\BOOKMARK [1][-]{section.3}{\376\377\000T\000h\000i\036\277\000t\000\040\000k\036\277\000\040\000h\036\307\000\040\000t\000h\036\321\000n\000g}{}% 43
\BOOKMARK [2][-]{subsection.3.1}{\376\377\000Y\000\352\000u\000\040\000c\036\247\000u\000\040\000h\036\307\000\040\000t\000h\036\321\000n\000g}{section.3}% 44
\BOOKMARK [3][-]{subsubsection.3.1.1}{\376\377\000Y\000\352\000u\000\040\000c\036\247\000u\000\040\000c\000h\036\351\000c\000\040\000n\001\003\000n\000g}{subsection.3.1}% 45
\BOOKMARK [3][-]{subsubsection.3.1.2}{\376\377\000Y\000\352\000u\000\040\000c\036\247\000u\000\040\000p\000h\000i\000\040\000c\000h\036\351\000c\000\040\000n\001\003\000n\000g}{subsection.3.1}% 46
\BOOKMARK [2][-]{subsection.3.2}{\376\377\000T\036\325\000n\000g\000\040\000q\000u\000a\000n\000\040\000k\000i\036\277\000n\000\040\000t\000r\000\372\000c\000\040\000h\036\307\000\040\000t\000h\036\321\000n\000g}{section.3}% 47
\BOOKMARK [2][-]{subsection.3.3}{\376\377\000T\000h\000i\036\277\000t\000\040\000k\036\277\000\040\000p\000i\000p\000e\000l\000i\000n\000e\000\040\000x\036\355\000\040\000l\000\375\000\040\000v\000i\000d\000e\000o}{section.3}% 48
\BOOKMARK [2][-]{subsection.3.4}{\376\377\000T\000h\000i\036\277\000t\000\040\000k\036\277\000\040\000h\036\307\000\040\000t\000h\036\321\000n\000g\000\040\000l\001\260\000u\000\040\000t\000r\036\357\000\040\000k\000\351\000p}{section.3}% 49
\BOOKMARK [2][-]{subsection.3.5}{\376\377\000T\000h\000i\036\277\000t\000\040\000k\036\277\000\040\000A\000P\000I\000\040\000R\000E\000S\000T}{section.3}% 50
\BOOKMARK [2][-]{subsection.3.6}{\376\377\000T\000h\000i\036\277\000t\000\040\000k\036\277\000\040\000c\001\241\000\040\000s\036\337\000\040\000d\036\357\000\040\000l\000i\036\307\000u\000\040\000k\000h\000u\000\364\000n\000\040\000m\036\267\000t}{section.3}% 51
\BOOKMARK [2][-]{subsection.3.7}{\376\377\000T\000h\000i\036\277\000t\000\040\000k\036\277\000\040\000g\000i\000a\000o\000\040\000d\000i\036\307\000n\000\040\000n\000g\001\260\036\335\000i\000\040\000d\000\371\000n\000g}{section.3}% 52
\BOOKMARK [1][-]{section.4}{\376\377\000T\000r\000i\036\303\000n\000\040\000k\000h\000a\000i}{}% 53
\BOOKMARK [2][-]{subsection.4.1}{\376\377\000M\000\364\000i\000\040\000t\000r\001\260\036\335\000n\000g\000\040\000v\000\340\000\040\000c\000\364\000n\000g\000\040\000c\036\345\000\040\000p\000h\000\341\000t\000\040\000t\000r\000i\036\303\000n}{section.4}% 54
\BOOKMARK [2][-]{subsection.4.2}{\376\377\000M\000o\000d\000u\000l\000e\000\040\000p\000h\000\341\000t\000\040\000h\000i\036\307\000n\000\040\000k\000h\000u\000\364\000n\000\040\000m\036\267\000t\000\040\000\050\000F\000a\000c\000e\000D\000e\000t\000e\000c\000t\000o\000r\000\051}{section.4}% 55
\BOOKMARK [2][-]{subsection.4.3}{\376\377\000M\000o\000d\000u\000l\000e\000\040\000n\000h\036\255\000n\000\040\000d\000i\036\307\000n\000\040\000k\000h\000u\000\364\000n\000\040\000m\036\267\000t}{section.4}% 56
\BOOKMARK [3][-]{subsubsection.4.3.1}{\376\377\000F\000a\000c\000e\000R\000e\000c\000o\000g\000n\000i\000z\000e\000r\000\040\000\050\000s\000r\000c\000/\000f\000a\000c\000e\000\137\000r\000e\000c\000o\000g\000n\000i\000t\000i\000o\000n\000.\000p\000y\000\051}{subsection.4.3}% 57
\BOOKMARK [3][-]{subsubsection.4.3.2}{\376\377\000F\000a\000m\000i\000l\000y\000D\000a\000t\000a\000b\000a\000s\000e\000\040\000\050\000s\000r\000c\000/\000f\000a\000m\000i\000l\000y\000\137\000d\000a\000t\000a\000b\000a\000s\000e\000.\000p\000y\000\051}{subsection.4.3}% 58
\BOOKMARK [3][-]{subsubsection.4.3.3}{\376\377\000R\000e\000c\000o\000g\000n\000i\000t\000i\000o\000n\000W\000o\000r\000k\000e\000r\000\040\000\050\000T\000h\000r\000e\000a\000d\000\040\000b\036\245\000t\000\040\001\021\036\323\000n\000g\000\040\000b\036\331\000\051}{subsection.4.3}% 59
\BOOKMARK [2][-]{subsection.4.4}{\376\377\000E\000n\000g\000i\000n\000e\000\040\036\251\000n\000\040\000d\000a\000n\000h\000\040\000h\000o\000\341\000\040\000\050\000F\000a\000c\000e\000A\000n\000o\000n\000y\000m\000i\000z\000a\000t\000i\000o\000n\000E\000n\000g\000i\000n\000e\000\051}{section.4}% 60
\BOOKMARK [3][-]{subsubsection.4.4.1}{\376\377\000C\000\341\000c\000\040\000c\000h\036\277\000\040\001\021\036\331\000\040\036\251\000n\000\040\000d\000a\000n\000h\000\040\000h\000o\000\341}{subsection.4.4}% 61
\BOOKMARK [3][-]{subsubsection.4.4.2}{\376\377\000B\036\321\000n\000\040\000p\000r\000e\000s\000e\000t\000\040\000c\036\245\000u\000\040\000h\000\354\000n\000h}{subsection.4.4}% 62
\BOOKMARK [3][-]{subsubsection.4.4.3}{\376\377\000L\000\340\000m\000\040\000m\036\313\000n\000\040\000b\000o\000u\000n\000d\000i\000n\000g\000\040\000b\000o\000x\000\040\000t\000h\000e\000o\000\040\000t\000h\036\335\000i\000\040\000g\000i\000a\000n}{subsection.4.4}% 63
\BOOKMARK [2][-]{subsection.4.5}{\376\377\000M\000o\000d\000u\000l\000e\000\040\000k\000h\000\363\000a\000\040\000m\036\267\000t\000\040\000A\000E\000S\000-\000G\000C\000M\000\040\000\050\000F\000a\000c\000e\000R\000e\000g\000i\000o\000n\000L\000o\000c\000k\000e\000r\000\051}{section.4}% 64
\BOOKMARK [2][-]{subsection.4.6}{\376\377\000Q\000u\036\243\000n\000\040\000l\000\375\000\040\000x\000\341\000c\000\040\000t\000h\036\361\000c\000\040\000a\000d\000m\000i\000n}{section.4}% 65
\BOOKMARK [2][-]{subsection.4.7}{\376\377\000B\036\331\000\040\000g\000h\000i\000\040\000c\000l\000i\000p\000\040\000k\000\351\000p\000\040\000\050\000C\000l\000i\000p\000R\000e\000c\000o\000r\000d\000e\000r\000\051}{section.4}% 66
\BOOKMARK [2][-]{subsection.4.8}{\376\377\000P\000i\000p\000e\000l\000i\000n\000e\000\040\000c\000a\000m\000e\000r\000a\000\040\000t\000h\036\335\000i\000\040\000g\000i\000a\000n\000\040\000t\000h\036\361\000c}{section.4}% 67
\BOOKMARK [3][-]{subsubsection.4.8.1}{\376\377\000F\000r\000a\000m\000e\000R\000e\000a\000d\000e\000r\000\040\000\050\000l\000u\036\323\000n\000g\000\040\001\021\036\315\000c\000\040\000c\000a\000m\000e\000r\000a\000\051}{subsection.4.8}% 68
\BOOKMARK [3][-]{subsubsection.4.8.2}{\376\377\000S\000i\000m\000p\000l\000e\000T\000r\000a\000c\000k\000e\000r\000\040\000\050\000t\000h\000e\000o\000\040\000d\000\365\000i\000\040\001\021\036\321\000i\000\040\000t\001\260\036\343\000n\000g\000\051}{subsection.4.8}% 69
\BOOKMARK [2][-]{subsection.4.9}{\376\377\000R\000E\000S\000T\000\040\000A\000P\000I\000\040\000v\000\340\000\040\000l\000u\036\323\000n\000g\000\040\000s\000t\000r\000e\000a\000m\000i\000n\000g}{section.4}% 70
\BOOKMARK [3][-]{subsubsection.4.9.1}{\376\377\000S\000i\000n\000g\000l\000e\000t\000o\000n\000\040\000P\000i\000p\000e\000l\000i\000n\000e\000\040\000S\000t\000a\000t\000e}{subsection.4.9}% 71
\BOOKMARK [3][-]{subsubsection.4.9.2}{\376\377\000W\000e\000b\000S\000o\000c\000k\000e\000t\000\040\000B\000r\000o\000a\000d\000c\000a\000s\000t\000i\000n\000g}{subsection.4.9}% 72
\BOOKMARK [3][-]{subsubsection.4.9.3}{\376\377\000C\036\255\000p\000\040\000n\000h\036\255\000t\000\040\000c\036\245\000u\000\040\000h\000\354\000n\000h\000\040\000n\000\363\000n\000g\000\040\000\050\000H\000o\000t\000-\000u\000p\000d\000a\000t\000e\000\051}{subsection.4.9}% 73
\BOOKMARK [2][-]{subsection.4.10}{\376\377\000G\000i\000a\000o\000\040\000d\000i\036\307\000n\000\040\000w\000e\000b}{section.4}% 74
\BOOKMARK [3][-]{subsubsection.4.10.1}{\376\377\000A\000d\000m\000i\000n\000\040\000D\000a\000s\000h\000b\000o\000a\000r\000d}{subsection.4.10}% 75
\BOOKMARK [3][-]{subsubsection.4.10.2}{\376\377\000U\000s\000e\000r\000\040\000P\000o\000r\000t\000a\000l}{subsection.4.10}% 76
\BOOKMARK [2][-]{subsection.4.11}{\376\377\000P\000h\000\342\000n\000\040\000t\000\355\000c\000h\000\040\000t\036\321\000i\000\040\001\260\000u\000\040\000h\000o\000\341\000\040\000v\000\340\000\040\000c\000h\036\245\000t\000\040\000l\001\260\036\343\000n\000g\000\040\000c\000o\000d\000e}{section.4}% 77
\BOOKMARK [3][-]{subsubsection.4.11.1}{\376\377\000T\036\321\000i\000\040\001\260\000u\000\040\0001\000:\000\040\000V\000e\000c\000t\000o\000r\000i\000z\000e\000d\000\040\000M\000a\000t\000c\000h\000i\000n\000g\000\040\040\024\000\040\000O\000\050\000M\000N\000\051\000\040\041\222\000\040\000N\000h\000\342\000n\000\040\000m\000a\000\040\000t\000r\036\255\000n\000\040\000B\000L\000A\000S}{subsection.4.11}% 78
\BOOKMARK [3][-]{subsubsection.4.11.2}{\376\377\000T\036\321\000i\000\040\001\260\000u\000\040\0002\000:\000\040\000S\000k\000i\000p\000\040\000D\000e\000t\000e\000c\000t\000i\000o\000n\000\040\040\024\000\040\000G\000i\036\243\000m\000\040\000F\000L\000O\000P\000s\000\040\000c\036\347\000a\000\040\000Y\000O\000L\000O}{subsection.4.11}% 79
\BOOKMARK [3][-]{subsubsection.4.11.3}{\376\377\000T\036\321\000i\000\040\001\260\000u\000\040\0003\000:\000\040\000D\000o\000w\000n\000s\000a\000m\000p\000l\000e\000-\000B\000l\000u\000r\000-\000U\000p\000s\000a\000m\000p\000l\000e}{subsection.4.11}% 80
\BOOKMARK [3][-]{subsubsection.4.11.4}{\376\377\000T\036\321\000i\000\040\001\260\000u\000\040\0004\000:\000\040\000D\000r\000o\000p\000-\000f\000r\000a\000m\000e\000\040\000Q\000u\000e\000u\000e\000\040\000v\000\340\000\040\000A\000s\000y\000n\000c\000\040\000A\000r\000c\000h\000i\000t\000e\000c\000t\000u\000r\000e}{subsection.4.11}% 81
\BOOKMARK [3][-]{subsubsection.4.11.5}{\376\377\000T\036\325\000n\000g\000\040\000h\036\343\000p\000\040\001\021\000i\036\303\000m\000\040\000t\036\321\000i\000\040\001\260\000u\000\040\000h\000o\000\341}{subsection.4.11}% 82
\BOOKMARK [1][-]{section.5}{\376\377\000T\000h\036\361\000c\000\040\000n\000g\000h\000i\036\307\000m\000\040\000v\000\340\000\040\001\020\000\341\000n\000h\000\040\000g\000i\000\341}{}% 83
\BOOKMARK [2][-]{subsection.5.1}{\376\377\000T\000h\000i\036\277\000t\000\040\000l\036\255\000p\000\040\000t\000h\036\361\000c\000\040\000n\000g\000h\000i\036\307\000m}{section.5}% 84
\BOOKMARK [3][-]{subsubsection.5.1.1}{\376\377\000M\000\364\000i\000\040\000t\000r\001\260\036\335\000n\000g\000\040\000p\000h\036\247\000n\000\040\000c\036\351\000n\000g}{subsection.5.1}% 85
\BOOKMARK [3][-]{subsubsection.5.1.2}{\376\377\000B\036\331\000\040\000d\036\357\000\040\000l\000i\036\307\000u\000\040\000t\000h\036\361\000c\000\040\000n\000g\000h\000i\036\307\000m}{subsection.5.1}% 86
\BOOKMARK [3][-]{subsubsection.5.1.3}{\376\377\000C\000\341\000c\000\040\000c\000h\036\311\000\040\000s\036\321\000\040\001\021\000\341\000n\000h\000\040\000g\000i\000\341}{subsection.5.1}% 87
\BOOKMARK [2][-]{subsection.5.2}{\376\377\001\020\000\341\000n\000h\000\040\000g\000i\000\341\000\040\000h\000i\036\307\000u\000\040\000s\000u\036\245\000t\000\040\036\251\000n\000\040\000d\000a\000n\000h\000\040\000h\000o\000\341}{section.5}% 88
\BOOKMARK [3][-]{subsubsection.5.2.1}{\376\377\000K\036\277\000t\000\040\000q\000u\036\243\000\040\000t\000h\000e\000o\000\040\000c\000h\036\277\000\040\001\021\036\331\000\040\000v\000\340\000\040\000p\000r\000e\000s\000e\000t}{subsection.5.2}% 89
\BOOKMARK [3][-]{subsubsection.5.2.2}{\376\377\000P\000h\000\342\000n\000\040\000t\000\355\000c\000h\000\040\000k\036\277\000t\000\040\000q\000u\036\243\000\040\000F\000P\000S\000\040\000v\000\340\000\040\001\021\036\331\000\040\000t\000r\036\305}{subsection.5.2}% 90
\BOOKMARK [3][-]{subsubsection.5.2.3}{\376\377\000P\000h\000\342\000n\000\040\000t\000\355\000c\000h\000\040\000S\000S\000I\000M}{subsection.5.2}% 91
\BOOKMARK [2][-]{subsection.5.3}{\376\377\001\020\000\341\000n\000h\000\040\000g\000i\000\341\000\040\000b\036\243\000o\000\040\000m\036\255\000t\000\040\036\251\000n\000\040\000d\000a\000n\000h\000\040\000h\000o\000\341}{section.5}% 92
\BOOKMARK [3][-]{subsubsection.5.3.1}{\376\377\000K\036\277\000t\000\040\000q\000u\036\243\000\040\000c\000o\000s\000i\000n\000e\000\040\000s\000i\000m\000i\000l\000a\000r\000i\000t\000y\000\040\000s\000a\000u\000\040\036\251\000n\000\040\000d\000a\000n\000h\000\040\000h\000o\000\341}{subsection.5.3}% 93
\BOOKMARK [3][-]{subsubsection.5.3.2}{\376\377\000P\000h\000\342\000n\000\040\000t\000\355\000c\000h\000\040\000c\000h\000i\000\040\000t\000i\036\277\000t\000\040\000t\036\353\000n\000g\000\040\000c\000h\036\277\000\040\001\021\036\331}{subsection.5.3}% 94
\BOOKMARK [2][-]{subsection.5.4}{\376\377\000P\000h\000\342\000n\000\040\000t\000\355\000c\000h\000\040\001\021\000\341\000n\000h\000\040\001\021\036\325\000i\000\040\000\050\000T\000r\000a\000d\000e\000-\000o\000f\000f\000\051}{section.5}% 95
\BOOKMARK [2][-]{subsection.5.5}{\376\377\001\020\000\341\000n\000h\000\040\000g\000i\000\341\000\040\000h\036\307\000\040\000t\000h\036\321\000n\000g\000\040\000m\000\343\000\040\000h\000o\000\341}{section.5}% 96
\BOOKMARK [3][-]{subsubsection.5.5.1}{\376\377\001\020\036\331\000\040\000b\036\301\000n\000\040\000v\036\357\000n\000g\000\040\000c\036\347\000a\000\040\000A\000E\000S\000-\0002\0005\0006\000-\000G\000C\000M}{subsection.5.5}% 97
\BOOKMARK [3][-]{subsubsection.5.5.2}{\376\377\000T\036\321\000c\000\040\001\021\036\331\000\040\000g\000i\036\243\000i\000\040\000m\000\343}{subsection.5.5}% 98
\BOOKMARK [3][-]{subsubsection.5.5.3}{\376\377\000T\000\355\000n\000h\000\040\000t\000o\000\340\000n\000\040\000v\036\271\000n\000\040\000c\036\347\000a\000\040\000f\000a\000c\000e\000\040\000l\000o\000c\000k\000\040\000p\000a\000y\000l\000o\000a\000d}{subsection.5.5}% 99
\BOOKMARK [2][-]{subsection.5.6}{\376\377\000K\036\277\000t\000\040\000q\000u\036\243\000\040\000t\000h\036\361\000c\000\040\000n\000g\000h\000i\036\307\000m\000\040\000t\000o\000\340\000n\000\040\000d\000i\036\307\000n}{section.5}% 100
\BOOKMARK [3][-]{subsubsection.5.6.1}{\376\377\000T\036\325\000n\000g\000\040\000h\036\343\000p\000\040\000h\000i\036\307\000u\000\040\000s\000u\036\245\000t\000\040\000p\000i\000p\000e\000l\000i\000n\000e\000\040\000t\000h\036\361\000c\000\040\000t\036\277}{subsection.5.6}% 101
\BOOKMARK [3][-]{subsubsection.5.6.2}{\376\377\000K\000i\036\303\000m\000\040\000t\000r\000a\000\040\000s\000e\000l\000e\000c\000t\000i\000v\000e\000\040\000a\000n\000o\000n\000y\000m\000i\000z\000a\000t\000i\000o\000n}{subsection.5.6}% 102
\BOOKMARK [3][-]{subsubsection.5.6.3}{\376\377\000K\000i\036\303\000m\000\040\000t\000r\000a\000\040\000g\000h\000i\000\040\000c\000l\000i\000p\000\040\000m\000\343\000\040\000h\000o\000\341}{subsection.5.6}% 103
\BOOKMARK [2][-]{subsection.5.7}{\376\377\000P\000h\000\342\000n\000\040\000t\000\355\000c\000h\000\040\001\021\036\331\000\040\000n\000h\036\241\000y\000\040\000t\000h\000a\000m\000\040\000s\036\321\000\040\000\050\000P\000a\000r\000a\000m\000e\000t\000e\000r\000\040\000S\000e\000n\000s\000i\000t\000i\000v\000i\000t\000y\000\051}{section.5}% 104
\BOOKMARK [3][-]{subsubsection.5.7.1}{\376\377\000S\000e\000n\000s\000i\000t\000i\000v\000i\000t\000y\000\040\0001\000:\000\040\000N\000g\001\260\036\341\000n\000g\000\040\000c\000o\000n\000f\000i\000d\000e\000n\000c\000e\000\040\000\050\000c\000o\000n\000f\000\137\000t\000h\000r\000e\000s\000h\000o\000l\000d\000\051}{subsection.5.7}% 105
\BOOKMARK [3][-]{subsubsection.5.7.2}{\376\377\000S\000e\000n\000s\000i\000t\000i\000v\000i\000t\000y\000\040\0002\000:\000\040\000K\000\355\000c\000h\000\040\000t\000h\001\260\036\333\000c\000\040\000b\000l\000o\000c\000k\000\040\000p\000i\000x\000e\000l\000a\000t\000e\000\040\000\050\000p\000i\000x\000e\000l\000\137\000b\000l\000o\000c\000k\000\051}{subsection.5.7}% 106
\BOOKMARK [3][-]{subsubsection.5.7.3}{\376\377\000S\000e\000n\000s\000i\000t\000i\000v\000i\000t\000y\000\040\0003\000:\000\040\000T\036\321\000c\000\040\001\021\036\331\000\040\000b\000l\000u\000r\000\040\000\050\000b\000l\000u\000r\000\137\000s\000c\000a\000l\000e\000\051}{subsection.5.7}% 107
\BOOKMARK [3][-]{subsubsection.5.7.4}{\376\377\000S\000e\000n\000s\000i\000t\000i\000v\000i\000t\000y\000\040\0004\000:\000\040\000T\036\247\000n\000\040\000s\000u\036\245\000t\000\040\000d\000e\000t\000e\000c\000t\000i\000o\000n\000\040\000\050\000d\000e\000t\000e\000c\000t\000\137\000e\000v\000e\000r\000y\000\051}{subsection.5.7}% 108
\BOOKMARK [2][-]{subsection.5.8}{\376\377\000K\000i\036\303\000m\000\040\000t\000h\036\355\000\040\001\021\036\331\000\040\000b\036\301\000n\000\040\000v\036\357\000n\000g\000\040\000\050\000R\000o\000b\000u\000s\000t\000n\000e\000s\000s\000\040\000T\000e\000s\000t\000i\000n\000g\000\051}{section.5}% 109
\BOOKMARK [2][-]{subsection.5.9}{\376\377\000M\000i\000n\000h\000\040\000h\036\315\000a\000\040\000k\036\277\000t\000\040\000q\000u\036\243\000\040\000t\000r\036\361\000c\000\040\000q\000u\000a\000n\000\040\000\050\000D\000e\000m\000o\000\051}{section.5}% 110
\BOOKMARK [3][-]{subsubsection.5.9.1}{\376\377\000S\000o\000\040\000s\000\341\000n\000h\000\040\000t\000r\036\361\000c\000\040\000q\000u\000a\000n\000\040\000c\000\341\000c\000\040\000c\000h\036\277\000\040\001\021\036\331\000\040\036\251\000n\000\040\000d\000a\000n\000h\000\040\000h\000o\000\341}{subsection.5.9}% 111
\BOOKMARK [3][-]{subsubsection.5.9.2}{\376\377\000G\000i\000a\000o\000\040\000d\000i\036\307\000n\000\040\000w\000e\000b\000\040\000A\000d\000m\000i\000n\000\040\000D\000a\000s\000h\000b\000o\000a\000r\000d}{subsection.5.9}% 112
\BOOKMARK [3][-]{subsubsection.5.9.3}{\376\377\000G\000i\000a\000o\000\040\000d\000i\036\307\000n\000\040\000n\000g\001\260\036\335\000i\000\040\000d\000\371\000n\000g\000\040\040\024\000\040\000L\000i\000v\000e\000\040\000P\000o\000r\000t\000a\000l}{subsection.5.9}% 113
\BOOKMARK [3][-]{subsubsection.5.9.4}{\376\377\000B\000i\036\303\000u\000\040\001\021\036\323\000\040\000s\000o\000\040\000s\000\341\000n\000h\000\040\000F\000P\000S\000\040\000t\000h\000e\000o\000\040\000c\000h\036\277\000\040\001\021\036\331}{subsection.5.9}% 114
\BOOKMARK [1][-]{section.6}{\376\377\000K\036\277\000t\000\040\000l\000u\036\255\000n}{}% 115
\BOOKMARK [2][-]{subsection.6.1}{\376\377\000T\036\325\000n\000g\000\040\000k\036\277\000t}{section.6}% 116
\BOOKMARK [2][-]{subsection.6.2}{\376\377\001\020\000\363\000n\000g\000\040\000g\000\363\000p\000\040\000c\036\347\000a\000\040\001\021\036\301\000\040\000t\000\340\000i}{section.6}% 117
\BOOKMARK [2][-]{subsection.6.3}{\376\377\000H\036\241\000n\000\040\000c\000h\036\277\000\040\000v\000\340\000\040\000t\000h\000\341\000c\000h\000\040\000t\000h\036\351\000c}{section.6}% 118
\BOOKMARK [2][-]{subsection.6.4}{\376\377\000H\001\260\036\333\000n\000g\000\040\000p\000h\000\341\000t\000\040\000t\000r\000i\036\303\000n\000\040\000t\001\260\001\241\000n\000g\000\040\000l\000a\000i}{section.6}% 119
\BOOKMARK [3][-]{subsubsection.6.4.1}{\376\377\000N\000g\036\257\000n\000\040\000h\036\241\000n\000\040\000\050\0003\040\023\0006\000\040\000t\000h\000\341\000n\000g\000\051}{subsection.6.4}% 120
\BOOKMARK [3][-]{subsubsection.6.4.2}{\376\377\000T\000r\000u\000n\000g\000\040\000h\036\241\000n\000\040\000\050\0006\040\023\0001\0008\000\040\000t\000h\000\341\000n\000g\000\051}{subsection.6.4}% 121
\BOOKMARK [3][-]{subsubsection.6.4.3}{\376\377\000D\000\340\000i\000\040\000h\036\241\000n\000\040\000\050\000n\000g\000h\000i\000\352\000n\000\040\000c\036\351\000u\000\051}{subsection.6.4}% 122
\BOOKMARK [2][-]{subsection.6.5}{\376\377\001\020\000i\036\303\000m\000\040\000s\000\341\000n\000g\000\040\000s\000\341\000n\000g\000\040\000t\036\241\000o\000\040\000\050\000C\000r\000e\000a\000t\000i\000v\000e\000\040\000S\000p\000a\000r\000k\000\051}{section.6}% 123
\BOOKMARK [3][-]{subsubsection.6.5.1}{\376\377\001\020\000i\036\303\000m\000\040\000s\000\341\000n\000g\000\040\0001\000:\000\040\000K\000i\036\277\000n\000\040\000t\000r\000\372\000c\000\040\000l\001\260\000u\000\040\000t\000r\036\357\000\040\000k\000\351\000p\000\040\000\050\000D\000u\000a\000l\000-\000L\000a\000y\000e\000r\000\040\000S\000t\000o\000r\000a\000g\000e\000\051}{subsection.6.5}% 124
\BOOKMARK [3][-]{subsubsection.6.5.2}{\376\377\001\020\000i\036\303\000m\000\040\000s\000\341\000n\000g\000\040\0002\000:\000\040\000P\000h\000\341\000t\000\040\000h\000i\036\307\000n\000\040\001\021\000i\036\303\000m\000\040\000y\036\277\000u\000\040\000b\036\243\000o\000\040\000m\036\255\000t\000\040\000c\036\347\000a\000\040\000P\000i\000x\000e\000l\000a\000t\000e}{subsection.6.5}% 125
\BOOKMARK [3][-]{subsubsection.6.5.3}{\376\377\001\020\000i\036\303\000m\000\040\000s\000\341\000n\000g\000\040\0003\000:\000\040\000C\000P\000U\000-\000O\000n\000l\000y\000\040\000R\000e\000a\000l\000-\000T\000i\000m\000e\000\040\000P\000r\000o\000c\000e\000s\000s\000i\000n\000g}{subsection.6.5}% 126
\BOOKMARK [3][-]{subsubsection.6.5.4}{\376\377\001\020\000i\036\303\000m\000\040\000s\000\341\000n\000g\000\040\0004\000:\000\040\000M\000\343\000\040\000h\000o\000\341\000\040\000b\036\243\000o\000\040\000m\036\255\000t\000\040\001\021\000\372\000n\000g\000\040\000c\000\341\000c\000h\000\040\000\050\000S\000e\000c\000u\000r\000i\000t\000y\000\040\000B\000e\000s\000t\000\040\000P\000r\000a\000c\000t\000i\000c\000e\000s\000\051}{subsection.6.5}% 127
\BOOKMARK [3][-]{subsubsection.6.5.5}{\376\377\001\020\000i\036\303\000m\000\040\000s\000\341\000n\000g\000\040\0005\000:\000\040\000H\036\307\000\040\000t\000h\036\321\000n\000g\000\040\0009\000\040\000c\000h\036\277\000\040\001\021\036\331\000\040\000v\036\333\000i\000\040\001\021\000\341\000n\000h\000\040\000g\000i\000\341\000\040\001\021\036\313\000n\000h\000\040\000l\001\260\036\343\000n\000g}{subsection.6.5}% 128
\BOOKMARK [2][-]{subsection.6.6}{\376\377\000T\000\363\000m\000\040\000t\036\257\000t\000\040\000q\000u\000y\000\040\000t\000r\000\354\000n\000h\000\040\000k\000h\000o\000a\000\040\000h\036\315\000c}{section.6}% 129
\BOOKMARK [2][-]{subsection.6.7}{\376\377\000K\036\277\000t\000\040\000l\000u\036\255\000n\000\040\000c\000h\000u\000n\000g}{section.6}% 130
\BOOKMARK [1][-]{subsection.6.7}{\376\377\000T\000\340\000i\000\040\000l\000i\036\307\000u\000\040\000t\000h\000a\000m\000\040\000k\000h\036\243\000o}{}% 131
