\BOOKMARK [1][-]{section.1}{\376\377\000C\000H\000U\036\250\000N\000\040\000B\036\312\000\040\000T\000R\001\257\036\332\000C\000\040\000K\000H\000I\000\040\000B\036\244\000M\000\040\000R\000E\000C}{}% 1
\BOOKMARK [1][-]{section.2}{\376\377\0000\000:\0000\0000\040\023\0000\000:\0001\0005\000\040\040\024\000\040\000M\036\336\000\040\001\020\036\246\000U}{}% 2
\BOOKMARK [1][-]{section.3}{\376\377\0000\000:\0001\0005\040\023\0001\000:\0003\0000\000\040\040\024\000\040\000G\000I\036\332\000I\000\040\000T\000H\000I\036\306\000U\000\040\001\020\000\323\000N\000G\000\040\000G\000\323\000P\000\040\000C\036\344\000\040\000T\000H\036\302}{}% 3
\BOOKMARK [1][-]{section.4}{\376\377\0001\000:\0003\0000\040\023\0002\000:\0000\0000\000\040\040\024\000\040\001\020\036\266\000T\000\040\000V\036\244\000N\000\040\001\020\036\300\000:\000\040\000T\036\240\000I\000\040\000S\000A\000O\000\040\000C\036\246\000N\000\040\000B\000L\000U\000R\000\040\000E\000N\000G\000I\000N\000E}{}% 4
\BOOKMARK [1][-]{section.5}{\376\377\0002\000:\0000\0000\040\023\0006\000:\0000\0000\000\040\040\024\000\040\000P\000R\000I\000V\000A\000C\000Y\000.\000P\000Y\000\040\040\024\000\040\000B\000L\000U\000R\000\040\000E\000N\000G\000I\000N\000E}{}% 5
\BOOKMARK [2][-]{subsection.5.1}{\376\377\0002\000:\0000\0000\040\023\0002\000:\0003\0000\000\040\040\024\000\040\000N\000h\000\354\000n\000\040\000t\036\325\000n\000g\000\040\000q\000u\000a\000n\000\040\000f\000i\000l\000e}{section.5}% 6
\BOOKMARK [2][-]{subsection.5.2}{\376\377\0002\000:\0003\0000\040\023\0003\000:\0003\0000\000\040\040\024\000\040\000H\000\340\000m\000\040\000\137\000f\000a\000s\000t\000\137\000g\000a\000u\000s\000s\000i\000a\000n\000\137\000b\000l\000u\000r\000\040\000\050\000d\000\362\000n\000g\000\040\0006\0007\040\023\0007\0006\000\051}{section.5}% 7
\BOOKMARK [2][-]{subsection.5.3}{\376\377\0003\000:\0003\0000\040\023\0004\000:\0001\0005\000\040\040\024\000\040\000H\000\340\000m\000\040\000\137\000p\000i\000x\000e\000l\000a\000t\000e\000\040\000\050\000d\000\362\000n\000g\000\040\0007\0008\040\023\0008\0006\000\051}{section.5}% 8
\BOOKMARK [2][-]{subsection.5.4}{\376\377\0004\000:\0001\0005\040\023\0006\000:\0000\0000\000\040\040\024\000\040\000H\000\340\000m\000\040\000\137\000o\000b\000l\000i\000t\000e\000r\000a\000t\000e\000\137\000f\000e\000a\000t\000u\000r\000e\000s\000\040\000\050\000d\000\362\000n\000g\000\040\0001\0007\0002\040\023\0002\0000\0000\000\051\000\040\040\024\000\040\000Q\000U\000A\000N\000\040\000T\000R\036\314\000N\000G\000\040\000N\000H\036\244\000T}{section.5}% 9
\BOOKMARK [1][-]{section.6}{\376\377\0006\000:\0000\0000\040\023\0007\000:\0003\0000\000\040\040\024\000\040\000A\000N\000O\000N\000Y\000M\000I\000Z\000E\000R\000\137\000B\000A\000C\000K\000E\000N\000D\000.\000P\000Y\000\040\040\024\000\040\0004\000\040\000P\000R\000E\000S\000E\000T\000S}{}% 10
\BOOKMARK [1][-]{section.7}{\376\377\0007\000:\0003\0000\040\023\0001\0000\000:\0003\0000\000\040\040\024\000\040\000C\000L\000I\000P\000\137\000R\000E\000C\000O\000R\000D\000E\000R\000.\000P\000Y\000\040\040\024\000\040\000A\000E\000S\000-\0002\0005\0006\000-\000G\000C\000M}{}% 11
\BOOKMARK [2][-]{subsection.7.1}{\376\377\0007\000:\0003\0000\040\023\0008\000:\0003\0000\000\040\040\024\000\040\000\137\000p\000a\000c\000k\000\137\000f\000r\000a\000m\000e\000s\000\040\000\050\000d\000\362\000n\000g\000\040\0007\0003\040\023\0008\0006\000\051}{section.7}% 12
\BOOKMARK [2][-]{subsection.7.2}{\376\377\0008\000:\0003\0000\040\023\0009\000:\0004\0005\000\040\040\024\000\040\000e\000n\000c\000r\000y\000p\000t\000\137\000c\000l\000i\000p\000\040\000\050\000d\000\362\000n\000g\000\040\0001\0000\0009\040\023\0001\0001\0009\000\051}{section.7}% 13
\BOOKMARK [2][-]{subsection.7.3}{\376\377\0009\000:\0004\0005\040\023\0001\0000\000:\0003\0000\000\040\040\024\000\040\000d\000e\000c\000r\000y\000p\000t\000\137\000c\000l\000i\000p\000\040\000\050\000d\000\362\000n\000g\000\040\0001\0002\0002\040\023\0001\0003\0008\000\051}{section.7}% 14
\BOOKMARK [1][-]{section.8}{\376\377\0001\0000\000:\0003\0000\040\023\0001\0002\000:\0003\0000\000\040\040\024\000\040\000A\000D\000M\000I\000N\000\137\000A\000U\000T\000H\000.\000P\000Y\000\040\040\024\000\040\000P\000B\000K\000D\000F\0002\000\040\000+\000\040\000T\000I\000M\000I\000N\000G\000\040\000A\000T\000T\000A\000C\000K}{}% 15
\BOOKMARK [2][-]{subsection.8.1}{\376\377\0001\0000\000:\0003\0000\040\023\0001\0001\000:\0003\0000\000\040\040\024\000\040\000\137\000I\000T\000E\000R\000A\000T\000I\000O\000N\000S\000\040\000v\000\340\000\040\000\137\000p\000b\000k\000d\000f\0002\000\040\000\050\000d\000\362\000n\000g\000\040\0003\0001\040\023\0004\0005\000\051}{section.8}% 16
\BOOKMARK [2][-]{subsection.8.2}{\376\377\0001\0001\000:\0003\0000\040\023\0001\0002\000:\0000\0000\000\040\040\024\000\040\000\137\000c\000t\000\137\000e\000q\000u\000a\000l\000\040\000v\000\340\000\040\000t\000i\000m\000i\000n\000g\000\040\000a\000t\000t\000a\000c\000k\000\040\000\050\000d\000\362\000n\000g\000\040\0004\0008\040\023\0005\0000\000\051}{section.8}% 17
\BOOKMARK [2][-]{subsection.8.3}{\376\377\0001\0002\000:\0000\0000\040\023\0001\0002\000:\0003\0000\000\040\040\024\000\040\000v\000e\000r\000i\000f\000y\000\137\000a\000d\000m\000i\000n\000\040\000\050\000d\000\362\000n\000g\000\040\0008\0003\040\023\0009\0005\000\051}{section.8}% 18
\BOOKMARK [1][-]{section.9}{\376\377\0001\0002\000:\0003\0000\040\023\0001\0003\000:\0003\0000\000\040\040\024\000\040\000D\000E\000M\000O\000\040\000L\000I\000V\000E}{}% 19
\BOOKMARK [1][-]{section.10}{\376\377\0001\0003\000:\0003\0000\040\023\0001\0004\000:\0000\0000\000\040\040\024\000\040\000K\036\276\000T\000\040\000T\000H\000\332\000C\000\040\000V\000I\000D\000E\000O}{}% 20
\BOOKMARK [1][-]{section.11}{\376\377\000P\000H\036\344\000\040\000L\036\344\000C\000\040\040\024\000\040\000C\000\302\000U\000\040\000H\036\316\000I\000\040\000D\036\360\000\040\000K\000I\036\276\000N}{}% 21
